<?xml version="1.0" encoding="UTF-8"?>
<!-- Generated by org.testng.reporters.JUnitReportReporter -->
<testsuite hostname="IB-Pune-LAP-200" failures="0" tests="1" name="tests.SearchTest" time="22.255" errors="0" timestamp="2022-10-13T14:59:22 IST" skipped="0">
  <testcase classname="tests.SearchTest" name="SearchItem" time="22.255"/>
  <system-out/>
</testsuite> <!-- tests.SearchTest -->
