<?xml version="1.0" encoding="UTF-8"?>
<!-- Generated by org.testng.reporters.JUnitReportReporter -->
<testsuite hostname="IB-Pune-LAP-200" failures="0" tests="1" name="tests.SearchTest" time="7.244" errors="0" timestamp="2022-10-17T10:19:31 IST" skipped="0">
  <testcase classname="tests.SearchTest" name="SearchItem" time="7.244"/>
  <system-out/>
</testsuite> <!-- tests.SearchTest -->
