<?xml version="1.0" encoding="UTF-8"?>
<!-- Generated by org.testng.reporters.JUnitReportReporter -->
<testsuite hostname="IB-Pune-LAP-200" failures="0" tests="1" name="tests.NewTest" time="0.001" errors="0" timestamp="2022-10-03T11:08:19 IST" skipped="0">
  <testcase classname="tests.NewTest" name="initialDemo" time="0.001"/>
  <system-out/>
</testsuite> <!-- tests.NewTest -->
