<?xml version="1.0" encoding="UTF-8"?>
<!-- Generated by org.testng.reporters.JUnitReportReporter -->
<testsuite hostname="IB-Pune-LAP-200" failures="0" tests="1" name="tests.FirstTest" time="0.013" errors="0" timestamp="20 Sep 2022 11:40:09 GMT" skipped="0">
  <testcase classname="tests.FirstTest" name="test" time="0.013"/>
</testsuite> <!-- tests.FirstTest -->
